<?xml version="1.0" encoding="UTF-8"?>
<testng-results skipped="0" failed="0" ignored="0" total="1" passed="1">
  <reporter-output>
  </reporter-output>
  <suite name="Default suite" duration-ms="23065" started-at="2019-06-07T10:51:35Z" finished-at="2019-06-07T10:51:58Z">
    <groups>
    </groups>
    <test name="Default test" duration-ms="23065" started-at="2019-06-07T10:51:35Z" finished-at="2019-06-07T10:51:58Z">
      <class name="com.training.sanity.tests.Med_TC5">
        <test-method status="PASS" signature="setUpBeforeClass()[pri:0, instance:com.training.sanity.tests.Med_TC5@6f7fd0e6]" name="setUpBeforeClass" is-config="true" duration-ms="20" started-at="2019-06-07T10:51:35Z" finished-at="2019-06-07T10:51:35Z">
          <reporter-output>
          </reporter-output>
        </test-method> <!-- setUpBeforeClass -->
        <test-method status="PASS" signature="setUp()[pri:0, instance:com.training.sanity.tests.Med_TC5@6f7fd0e6]" name="setUp" is-config="true" duration-ms="16267" started-at="2019-06-07T10:51:35Z" finished-at="2019-06-07T10:51:51Z">
          <reporter-output>
          </reporter-output>
        </test-method> <!-- setUp -->
        <test-method status="PASS" signature="DeleteCategoryTest()[pri:1, instance:com.training.sanity.tests.Med_TC5@6f7fd0e6]" name="DeleteCategoryTest" duration-ms="6742" started-at="2019-06-07T10:51:51Z" finished-at="2019-06-07T10:51:58Z">
          <reporter-output>
          </reporter-output>
        </test-method> <!-- DeleteCategoryTest -->
      </class> <!-- com.training.sanity.tests.Med_TC5 -->
    </test> <!-- Default test -->
  </suite> <!-- Default suite -->
</testng-results>
